<?xml version="1.0" encoding="UTF-8"?>
<!-- Generated by org.testng.reporters.JUnitReportReporter -->
<testsuite hostname="QT-INBG-LT0475" failures="0" tests="1" name="Exelontest.exelontest" time="17.293" errors="0" timestamp="2023-02-10T15:28:03 IST" skipped="0">
  <testcase classname="Exelontest.exelontest" name="PD_PDinformation_ITN_Testcase" time="17.293"/>
  <system-out/>
</testsuite> <!-- Exelontest.exelontest -->
